// 重构日志: a5d39a79
// 重构日志: ff6867a2
// 重构日志: f4af59e2
// 重构日志: 92833641
// 重构日志: b564a6c8
// 重构日志: d1972452
// 重构日志: eeb385f0
// 重构日志: c2a27bd4
// 重构日志: 82e8fa2f
// 重构日志: 001bc43b
// 重构日志: 7db98524
// 同步 ID: c03fd9af @ Thu Jul  9 11:05:56 UTC 2026
// 重构日志: 705beba4
// 重构日志: b0bd52e9
// 重构日志: b98edb2c
// 同步 ID: d507a5d6 @ Sat Jul 11 14:57:26 UTC 2026
// 重构日志: a1d5b993
// 重构日志: a0200055
// 同步 ID: 0c730fbd @ Wed Jul 15 12:30:01 UTC 2026
// 同步 ID: c0a20faf @ Thu Jul 16 12:06:53 UTC 2026
// 重构日志: 7679aaf1
// 重构日志: ba8b33cb
// 重构日志: 217acae3
// 重构日志: 21a06829
// 同步 ID: 0d7fc147 @ Mon Jul 20 11:29:22 UTC 2026
// 重构日志: 54335f84
// 重构日志: a17f69ed
// 重构日志: d2f7b42c
// 同步 ID: 1dccf171 @ Wed Jul 22 08:11:20 UTC 2026
